#
# A fatal error has been detected by the Java Runtime Environment:
#
#  SIGSEGV (0xb) at pc=0x00007fff8d365097, pid=4853, tid=3335
#
# JRE version: Java(TM) SE Runtime Environment (8.0_25-b17) (build 1.8.0_25-b17)
# Java VM: Java HotSpot(TM) 64-Bit Server VM (25.25-b02 mixed mode bsd-amd64 compressed oops)
# Problematic frame:
# C  [libobjc.A.dylib+0x5097]  objc_msgSend+0x17
#
# Failed to write core dump. Core dumps have been disabled. To enable core dumping, try "ulimit -c unlimited" before starting Java again
#
# If you would like to submit a bug report, please visit:
#   http://bugreport.sun.com/bugreport/crash.jsp
# The crash happened outside the Java Virtual Machine in native code.
# See problematic frame for where to report the bug.
#

---------------  T H R E A D  ---------------

Current thread (0x00007fa839111000):  JavaThread "JavaFX Application Thread" [_thread_in_native, id=3335, stack(0x00007fff5412c000,0x00007fff5492c000)]

siginfo: si_signo: 11 (SIGSEGV), si_code: 1 (SEGV_MAPERR), si_addr: 0x0000000000000018

Registers:
RAX=0x000000010c3e3900, RBX=0x00007fa8391111e8, RCX=0x00007fa83b252b20, RDX=0x0000000000000004
RSP=0x00007fff5491e478, RBP=0x00007fff5491e8c0, RSI=0x0000000123f3c142, RDI=0x00007fa838eb7100
R8 =0x00007fa838f18650, R9 =0x0000000000000000, R10=0x0000000123f3c142, R11=0x0000000000000000
R12=0x0000000000000000, R13=0x00007fff8d3651c4, R14=0x0000000000000001, R15=0x000000010bf02628
RIP=0x00007fff8d365097, EFLAGS=0x0000000000010246, ERR=0x0000000000000004
  TRAPNO=0x000000000000000e

Top of Stack: (sp=0x00007fff5491e478)
0x00007fff5491e478:   0000000123f24e0e 0000000038d84ae0
0x00007fff5491e488:   00007fa838d83c70 0000000000000061
0x00007fff5491e498:   0000000096699359 00007fa83b2ce7c8
0x00007fff5491e4a8:   00007fa8391111e8 00007fa83b252b20
0x00007fff5491e4b8:   0000000000000000 00007fa838d85fb0
0x00007fff5491e4c8:   00007fff8d365080 00007fa838d1d3a0
0x00007fff5491e4d8:   0000000000000003 00007fff5491e518
0x00007fff5491e4e8:   00007fa838d85fc8 0000000000000000
0x00007fff5491e4f8:   0000000000000000 0000000000000000
0x00007fff5491e508:   0000000000000000 0000000000000000
0x00007fff5491e518:   00007fa838d1d450 0000000000000001
0x00007fff5491e528:   00007fa838fb51e0 00007fff5491e570
0x00007fff5491e538:   0000000000000000 00007fa83b26fd20
0x00007fff5491e548:   00007fa838d85fb0 00007fa838d085d0
0x00007fff5491e558:   00007fa838d34f60 00007fa838d34f70
0x00007fff5491e568:   0000000000000000 00007fff9361b9bd
0x00007fff5491e578:   00007fff93613178 00007fff93613187
0x00007fff5491e588:   00007fff936192dd 00007fff9364a2e7
0x00007fff5491e598:   0000000000000003 00007fff5491e5d8
0x00007fff5491e5a8:   00007fa838d83c88 0000000000000000
0x00007fff5491e5b8:   0000000000000000 0000000000000000
0x00007fff5491e5c8:   0000000000000000 0000000000000000
0x00007fff5491e5d8:   00007fa838d83b90 00007fff5491e620
0x00007fff5491e5e8:   0000000000000005 00007fff5491e610
0x00007fff5491e5f8:   00007fff95b731f9 00000000042731c0
0x00007fff5491e608:   0000000000000000 00007fff5491e680
0x00007fff5491e618:   00007fff95b730e5 0000000000000000
0x00007fff5491e628:   00007fff5491e620 0000003002000000
0x00007fff5491e638:   00007fff930b3fc0 00007fff930b3fe0
0x00007fff5491e648:   00007fa838d85fe0 00007fff7b62c0d0
0x00007fff5491e658:   0000000042000000 00007fff92dfa91a
0x00007fff5491e668:   00007fff7af0fdb0 00007fff5491e678 

Instructions: (pc=0x00007fff8d365097)
0x00007fff8d365077:   90 90 90 90 90 90 90 90 90 48 85 ff 2e 74 72 40
0x00007fff8d365087:   f6 c7 01 2e 0f 85 7e 00 00 00 4c 8b 1f 49 89 f2
0x00007fff8d365097:   45 23 53 18 49 c1 e2 04 4d 03 53 10 49 3b 32 75
0x00007fff8d3650a7:   04 41 ff 62 08 49 83 3a 00 74 74 4d 3b 53 10 74 

Register to memory mapping:

RAX=0x000000010c3e3900: _ZL13jfr_interface+0x40 in /Library/Java/JavaVirtualMachines/jdk1.8.0_25.jdk/Contents/Home/jre/lib/server/libjvm.dylib at 0x000000010bc00000
RBX=0x00007fa8391111e8 is an unknown value
RCX=0x00007fa83b252b20 is an unknown value
RDX=0x0000000000000004 is an unknown value
RSP=0x00007fff5491e478 is pointing into the stack for thread: 0x00007fa839111000
RBP=0x00007fff5491e8c0 is pointing into the stack for thread: 0x00007fa839111000
RSI=0x0000000123f3c142: __FUNCTION__.95073+0x962 in /Library/Java/JavaVirtualMachines/jdk1.8.0_25.jdk/Contents/Home/jre/lib/libglass.dylib at 0x0000000123f0c000
RDI=0x00007fa838eb7100 is an unknown value
R8 =0x00007fa838f18650 is an unknown value
R9 =0x0000000000000000 is an unknown value
R10=0x0000000123f3c142: __FUNCTION__.95073+0x962 in /Library/Java/JavaVirtualMachines/jdk1.8.0_25.jdk/Contents/Home/jre/lib/libglass.dylib at 0x0000000123f0c000
R11=0x0000000000000000 is an unknown value
R12=0x0000000000000000 is an unknown value
R13=0x00007fff8d3651c4: objc_msgSend_fixedup+0 in /usr/lib/libobjc.A.dylib at 0x00007fff8d360000
R14=0x0000000000000001 is an unknown value
R15=0x000000010bf02628: jni_CallStaticVoidMethod+0 in /Library/Java/JavaVirtualMachines/jdk1.8.0_25.jdk/Contents/Home/jre/lib/server/libjvm.dylib at 0x000000010bc00000


Stack: [0x00007fff5412c000,0x00007fff5492c000],  sp=0x00007fff5491e478,  free space=8137k
Native frames: (J=compiled Java code, j=interpreted, Vv=VM code, C=native code)
C  [libobjc.A.dylib+0x5097]  objc_msgSend+0x17
C  [libglass.dylib+0x184be]  listenTouchEvents+0x5e
C  [CoreGraphics+0x22120e]  processEventTapData+0x266
C  [CoreGraphics+0x220e7f]  _CGYPostEventTapData+0xb9
C  [CoreGraphics+0x2a6e5e]  _XPostEventTapData+0x63
C  [CoreGraphics+0x2a6f46]  CGYEventTap_server+0x51
C  [CoreGraphics+0x220f6d]  eventTapMessageHandler+0x2e
C  [CoreFoundation+0x7f9c4]  __CFMachPortPerform+0x184
C  [CoreFoundation+0x7f829]  __CFRUNLOOP_IS_CALLING_OUT_TO_A_SOURCE1_PERFORM_FUNCTION__+0x29
C  [CoreFoundation+0x7f79e]  __CFRunLoopDoSource1+0x1de
C  [CoreFoundation+0x707d6]  __CFRunLoopRun+0x726
C  [CoreFoundation+0x6fe75]  CFRunLoopRunSpecific+0x135
C  [HIToolbox+0x2ea0d]  RunCurrentEventLoopInMode+0xe2
C  [HIToolbox+0x2e7b7]  ReceiveNextEventCommon+0x1df
C  [HIToolbox+0x2e5bc]  _BlockUntilNextEventMatchingListInModeWithFilter+0x41
C  [AppKit+0x2424e]  _DPSNextEvent+0x59a
C  [AppKit+0x2389b]  -[NSApplication nextEventMatchingMask:untilDate:inMode:dequeue:]+0x7a
C  [AppKit+0x1799c]  -[NSApplication run]+0x229
C  [libglass.dylib+0x6757]  -[GlassApplication runLoop:]+0x6f7
C  [Foundation+0x637ce]  __NSThreadPerformPerform+0xe5
C  [CoreFoundation+0x7f5b1]  __CFRUNLOOP_IS_CALLING_OUT_TO_A_SOURCE0_PERFORM_FUNCTION__+0x11
C  [CoreFoundation+0x70c62]  __CFRunLoopDoSources0+0xf2
C  [CoreFoundation+0x703ef]  __CFRunLoopRun+0x33f
C  [CoreFoundation+0x6fe75]  CFRunLoopRunSpecific+0x135
C  [java+0x56cc]  CreateExecutionEnvironment+0x367
C  [java+0x165c]  JLI_Launch+0x7a0
C  [java+0x768a]  main+0x65
C  [java+0xeb4]  start+0x34
C  0x0000000000000005


---------------  P R O C E S S  ---------------

Java Threads: ( => current thread )
  0x00007fa83a240800 JavaThread "Thread-6" [_thread_blocked, id=54799, stack(0x000000012a871000,0x000000012a971000)]
  0x00007fa83a26f000 JavaThread "Prism Font Disposer" daemon [_thread_blocked, id=48139, stack(0x0000000128f73000,0x0000000129073000)]
  0x00007fa8398da000 JavaThread "JavaFX-Launcher" [_thread_blocked, id=47363, stack(0x0000000127b0d000,0x0000000127c0d000)]
  0x00007fa8398d6000 JavaThread "Thread-3" daemon [_thread_in_native, id=34307, stack(0x0000000125b34000,0x0000000125bb4000)]
=>0x00007fa839111000 JavaThread "JavaFX Application Thread" [_thread_in_native, id=3335, stack(0x00007fff5412c000,0x00007fff5492c000)]
  0x00007fa83a1f1800 JavaThread "Thread-1" daemon [_thread_blocked, id=25391, stack(0x0000000123f6d000,0x000000012406d000)]
  0x00007fa83a886800 JavaThread "QuantumRenderer-0" daemon [_thread_blocked, id=20739, stack(0x000000012350d000,0x000000012360d000)]
  0x00007fa83980c800 JavaThread "Service Thread" daemon [_thread_blocked, id=19715, stack(0x0000000123231000,0x0000000123331000)]
  0x00007fa839039000 JavaThread "C1 CompilerThread2" daemon [_thread_blocked, id=19203, stack(0x000000012312e000,0x000000012322e000)]
  0x00007fa83901a800 JavaThread "C2 CompilerThread1" daemon [_thread_blocked, id=18691, stack(0x000000012302b000,0x000000012312b000)]
  0x00007fa839037800 JavaThread "C2 CompilerThread0" daemon [_thread_blocked, id=18179, stack(0x0000000122f28000,0x0000000123028000)]
  0x00007fa83901e000 JavaThread "Signal Dispatcher" daemon [_thread_blocked, id=17667, stack(0x0000000122e25000,0x0000000122f25000)]
  0x00007fa83a053000 JavaThread "Finalizer" daemon [_thread_blocked, id=12547, stack(0x0000000122bd6000,0x0000000122cd6000)]
  0x00007fa839806800 JavaThread "Reference Handler" daemon [_thread_blocked, id=12035, stack(0x0000000122ad3000,0x0000000122bd3000)]
  0x00007fa83900c000 JavaThread "main" [_thread_blocked, id=6403, stack(0x000000010cb1d000,0x000000010cc1d000)]

Other Threads:
  0x00007fa83a052000 VMThread [stack: 0x00000001229d0000,0x0000000122ad0000] [id=11523]
  0x00007fa83904c000 WatcherThread [stack: 0x0000000123334000,0x0000000123434000] [id=20227]

VM state:not at safepoint (normal execution)

VM Mutex/Monitor currently owned by a thread: None

Heap:
 PSYoungGen      total 38400K, used 31164K [0x0000000795580000, 0x0000000798000000, 0x00000007c0000000)
  eden space 33280K, 93% used [0x0000000795580000,0x00000007973ef030,0x0000000797600000)
  from space 5120K, 0% used [0x0000000797600000,0x0000000797600000,0x0000000797b00000)
  to   space 5120K, 0% used [0x0000000797b00000,0x0000000797b00000,0x0000000798000000)
 ParOldGen       total 51200K, used 10488K [0x0000000740000000, 0x0000000743200000, 0x0000000795580000)
  object space 51200K, 20% used [0x0000000740000000,0x0000000740a3e0a8,0x0000000743200000)
 Metaspace       used 23524K, capacity 24750K, committed 24960K, reserved 1071104K
  class space    used 3396K, capacity 3648K, committed 3712K, reserved 1048576K

Card table byte_map: [0x000000011c024000,0x000000011c425000] byte_map_base: 0x0000000118624000

Marking Bits: (ParMarkBitMap*) 0x000000010c49d390
 Begin Bits: [0x000000011cadc000, 0x000000011eadc000)
 End Bits:   [0x000000011eadc000, 0x0000000120adc000)

Polling page: 0x000000010b2f1000

CodeCache: size=245760Kb used=11605Kb max_used=11872Kb free=234154Kb
 bounds [0x000000010cc64000, 0x000000010d814000, 0x000000011bc64000]
 total_blobs=4380 nmethods=3692 adapters=601
 compilation: enabled

Compilation events (10 events):
Event: 49.567 Thread 0x00007fa83901a800 3832       4       java.util.WeakHashMap$EntrySet::iterator (13 bytes)
Event: 49.568 Thread 0x00007fa83901a800 nmethod 3832 0x000000010cd87910 code [0x000000010cd87a60, 0x000000010cd87b68]
Event: 49.683 Thread 0x00007fa839037800 3833       4       com.sun.javafx.tk.Toolkit::checkFxUserThread (40 bytes)
Event: 49.684 Thread 0x00007fa839037800 nmethod 3833 0x000000010cd94cd0 code [0x000000010cd94e20, 0x000000010cd94eb8]
Event: 49.733 Thread 0x00007fa83901a800 3834       4       java.util.WeakHashMap::<init> (133 bytes)
Event: 49.733 Thread 0x00007fa839037800 3835       4       com.sun.javafx.geom.RectBounds::unionWith (82 bytes)
Event: 49.735 Thread 0x00007fa839037800 nmethod 3835 0x000000010cdb4650 code [0x000000010cdb47c0, 0x000000010cdb49b8]
Event: 49.736 Thread 0x00007fa83901a800 nmethod 3834 0x000000010d034b90 code [0x000000010d034d00, 0x000000010d035048]
Event: 49.767 Thread 0x00007fa839037800 3836       4       com.sun.javafx.geom.RectBounds::deriveWithUnion (64 bytes)
Event: 49.769 Thread 0x00007fa839037800 nmethod 3836 0x000000010cd96c10 code [0x000000010cd96da0, 0x000000010cd96fb8]

GC Heap History (8 events):
Event: 1.420 GC heap before
{Heap before GC invocations=1 (full 0):
 PSYoungGen      total 38400K, used 33280K [0x0000000795580000, 0x0000000798000000, 0x00000007c0000000)
  eden space 33280K, 100% used [0x0000000795580000,0x0000000797600000,0x0000000797600000)
  from space 5120K, 0% used [0x0000000797b00000,0x0000000797b00000,0x0000000798000000)
  to   space 5120K, 0% used [0x0000000797600000,0x0000000797600000,0x0000000797b00000)
 ParOldGen       total 87552K, used 0K [0x0000000740000000, 0x0000000745580000, 0x0000000795580000)
  object space 87552K, 0% used [0x0000000740000000,0x0000000740000000,0x0000000745580000)
 Metaspace       used 14865K, capacity 15414K, committed 15616K, reserved 1062912K
  class space    used 2192K, capacity 2302K, committed 2304K, reserved 1048576K
Event: 1.428 GC heap after
Heap after GC invocations=1 (full 0):
 PSYoungGen      total 38400K, used 4690K [0x0000000795580000, 0x0000000798000000, 0x00000007c0000000)
  eden space 33280K, 0% used [0x0000000795580000,0x0000000795580000,0x0000000797600000)
  from space 5120K, 91% used [0x0000000797600000,0x0000000797a94ac0,0x0000000797b00000)
  to   space 5120K, 0% used [0x0000000797b00000,0x0000000797b00000,0x0000000798000000)
 ParOldGen       total 87552K, used 80K [0x0000000740000000, 0x0000000745580000, 0x0000000795580000)
  object space 87552K, 0% used [0x0000000740000000,0x0000000740014010,0x0000000745580000)
 Metaspace       used 14865K, capacity 15414K, committed 15616K, reserved 1062912K
  class space    used 2192K, capacity 2302K, committed 2304K, reserved 1048576K
}
Event: 8.819 GC heap before
{Heap before GC invocations=2 (full 0):
 PSYoungGen      total 38400K, used 37198K [0x0000000795580000, 0x0000000798000000, 0x00000007c0000000)
  eden space 33280K, 97% used [0x0000000795580000,0x000000079753f040,0x0000000797600000)
  from space 5120K, 91% used [0x0000000797600000,0x0000000797a94ac0,0x0000000797b00000)
  to   space 5120K, 0% used [0x0000000797b00000,0x0000000797b00000,0x0000000798000000)
 ParOldGen       total 87552K, used 80K [0x0000000740000000, 0x0000000745580000, 0x0000000795580000)
  object space 87552K, 0% used [0x0000000740000000,0x0000000740014010,0x0000000745580000)
 Metaspace       used 19984K, capacity 20664K, committed 20992K, reserved 1067008K
  class space    used 2883K, capacity 3035K, committed 3072K, reserved 1048576K
Event: 8.831 GC heap after
Heap after GC invocations=2 (full 0):
 PSYoungGen      total 38400K, used 5113K [0x0000000795580000, 0x0000000798000000, 0x00000007c0000000)
  eden space 33280K, 0% used [0x0000000795580000,0x0000000795580000,0x0000000797600000)
  from space 5120K, 99% used [0x0000000797b00000,0x0000000797ffe710,0x0000000798000000)
  to   space 5120K, 0% used [0x0000000797600000,0x0000000797600000,0x0000000797b00000)
 ParOldGen       total 87552K, used 7012K [0x0000000740000000, 0x0000000745580000, 0x0000000795580000)
  object space 87552K, 8% used [0x0000000740000000,0x00000007406d93a0,0x0000000745580000)
 Metaspace       used 19984K, capacity 20664K, committed 20992K, reserved 1067008K
  class space    used 2883K, capacity 3035K, committed 3072K, reserved 1048576K
}
Event: 9.701 GC heap before
{Heap before GC invocations=3 (full 0):
 PSYoungGen      total 38400K, used 13600K [0x0000000795580000, 0x0000000798000000, 0x00000007c0000000)
  eden space 33280K, 25% used [0x0000000795580000,0x0000000795dc9948,0x0000000797600000)
  from space 5120K, 99% used [0x0000000797b00000,0x0000000797ffe710,0x0000000798000000)
  to   space 5120K, 0% used [0x0000000797600000,0x0000000797600000,0x0000000797b00000)
 ParOldGen       total 87552K, used 7012K [0x0000000740000000, 0x0000000745580000, 0x0000000795580000)
  object space 87552K, 8% used [0x0000000740000000,0x00000007406d93a0,0x0000000745580000)
 Metaspace       used 20547K, capacity 21204K, committed 21296K, reserved 1067008K
  class space    used 2990K, capacity 3143K, committed 3200K, reserved 1048576K
Event: 9.708 GC heap after
Heap after GC invocations=3 (full 0):
 PSYoungGen      total 38400K, used 5104K [0x0000000795580000, 0x0000000798000000, 0x00000007c0000000)
  eden space 33280K, 0% used [0x0000000795580000,0x0000000795580000,0x0000000797600000)
  from space 5120K, 99% used [0x0000000797600000,0x0000000797afc188,0x0000000797b00000)
  to   space 5120K, 0% used [0x0000000797b00000,0x0000000797b00000,0x0000000798000000)
 ParOldGen       total 87552K, used 9081K [0x0000000740000000, 0x0000000745580000, 0x0000000795580000)
  object space 87552K, 10% used [0x0000000740000000,0x00000007408de590,0x0000000745580000)
 Metaspace       used 20547K, capacity 21204K, committed 21296K, reserved 1067008K
  class space    used 2990K, capacity 3143K, committed 3200K, reserved 1048576K
}
Event: 9.709 GC heap before
{Heap before GC invocations=4 (full 1):
 PSYoungGen      total 38400K, used 5104K [0x0000000795580000, 0x0000000798000000, 0x00000007c0000000)
  eden space 33280K, 0% used [0x0000000795580000,0x0000000795580000,0x0000000797600000)
  from space 5120K, 99% used [0x0000000797600000,0x0000000797afc188,0x0000000797b00000)
  to   space 5120K, 0% used [0x0000000797b00000,0x0000000797b00000,0x0000000798000000)
 ParOldGen       total 87552K, used 9081K [0x0000000740000000, 0x0000000745580000, 0x0000000795580000)
  object space 87552K, 10% used [0x0000000740000000,0x00000007408de590,0x0000000745580000)
 Metaspace       used 20547K, capacity 21204K, committed 21296K, reserved 1067008K
  class space    used 2990K, capacity 3143K, committed 3200K, reserved 1048576K
Event: 9.751 GC heap after
Heap after GC invocations=4 (full 1):
 PSYoungGen      total 38400K, used 0K [0x0000000795580000, 0x0000000798000000, 0x00000007c0000000)
  eden space 33280K, 0% used [0x0000000795580000,0x0000000795580000,0x0000000797600000)
  from space 5120K, 0% used [0x0000000797600000,0x0000000797600000,0x0000000797b00000)
  to   space 5120K, 0% used [0x0000000797b00000,0x0000000797b00000,0x0000000798000000)
 ParOldGen       total 51200K, used 10488K [0x0000000740000000, 0x0000000743200000, 0x0000000795580000)
  object space 51200K, 20% used [0x0000000740000000,0x0000000740a3e0a8,0x0000000743200000)
 Metaspace       used 20546K, capacity 21202K, committed 21296K, reserved 1067008K
  class space    used 2989K, capacity 3142K, committed 3200K, reserved 1048576K
}

Deoptimization events (10 events):
Event: 37.206 Thread 0x00007fa839111000 Uncommon trap: reason=null_check action=make_not_entrant pc=0x000000010d559cb4 method=javafx.scene.Node$MiscProperties.getClip()Ljavafx/scene/Node; @ 20
Event: 38.502 Thread 0x00007fa839111000 Uncommon trap: reason=bimorphic action=maybe_recompile pc=0x000000010d55e170 method=java.io.FilterInputStream.read()I @ 4
Event: 38.502 Thread 0x00007fa839111000 Uncommon trap: reason=bimorphic action=maybe_recompile pc=0x000000010d55e170 method=java.io.FilterInputStream.read()I @ 4
Event: 38.502 Thread 0x00007fa839111000 Uncommon trap: reason=bimorphic action=maybe_recompile pc=0x000000010d55e170 method=java.io.FilterInputStream.read()I @ 4
Event: 38.502 Thread 0x00007fa839111000 Uncommon trap: reason=bimorphic action=maybe_recompile pc=0x000000010d55e170 method=java.io.FilterInputStream.read()I @ 4
Event: 38.509 Thread 0x00007fa839111000 Uncommon trap: reason=array_check action=maybe_recompile pc=0x000000010d61e978 method=com.sun.javafx.css.CompoundSelector.applies(Ljavafx/css/Styleable;[Ljava/util/Set;I)Z @ 128
Event: 38.509 Thread 0x00007fa839111000 Uncommon trap: reason=array_check action=maybe_recompile pc=0x000000010d61e978 method=com.sun.javafx.css.CompoundSelector.applies(Ljavafx/css/Styleable;[Ljava/util/Set;I)Z @ 128
Event: 38.515 Thread 0x00007fa839111000 Uncommon trap: reason=array_check action=maybe_recompile pc=0x000000010d61e978 method=com.sun.javafx.css.CompoundSelector.applies(Ljavafx/css/Styleable;[Ljava/util/Set;I)Z @ 128
Event: 38.515 Thread 0x00007fa839111000 Uncommon trap: reason=array_check action=maybe_recompile pc=0x000000010d61e978 method=com.sun.javafx.css.CompoundSelector.applies(Ljavafx/css/Styleable;[Ljava/util/Set;I)Z @ 128
Event: 49.706 Thread 0x00007fa839111000 Uncommon trap: reason=predicate action=maybe_recompile pc=0x000000010d6d13b4 method=java.util.ArrayList.remove(Ljava/lang/Object;)Z @ 49

Internal exceptions (10 events):
Event: 38.467 Thread 0x00007fa839111000 Exception <a 'java/security/PrivilegedActionException'> (0x0000000796d44070) thrown at [/HUDSON3/workspace/8-2-build-macosx-x86_64/jdk8u25/1514/hotspot/src/share/vm/prims/jvm.cpp, line 1312]
Event: 38.467 Thread 0x00007fa839111000 Exception <a 'java/security/PrivilegedActionException'> (0x0000000796d45a00) thrown at [/HUDSON3/workspace/8-2-build-macosx-x86_64/jdk8u25/1514/hotspot/src/share/vm/prims/jvm.cpp, line 1312]
Event: 38.470 Thread 0x00007fa839111000 Exception <a 'java/security/PrivilegedActionException'> (0x0000000796d630b8) thrown at [/HUDSON3/workspace/8-2-build-macosx-x86_64/jdk8u25/1514/hotspot/src/share/vm/prims/jvm.cpp, line 1312]
Event: 38.470 Thread 0x00007fa839111000 Exception <a 'java/security/PrivilegedActionException'> (0x0000000796d6c458) thrown at [/HUDSON3/workspace/8-2-build-macosx-x86_64/jdk8u25/1514/hotspot/src/share/vm/prims/jvm.cpp, line 1312]
Event: 38.506 Thread 0x00007fa839111000 Exception <a 'java/security/PrivilegedActionException'> (0x0000000796dd3750) thrown at [/HUDSON3/workspace/8-2-build-macosx-x86_64/jdk8u25/1514/hotspot/src/share/vm/prims/jvm.cpp, line 1312]
Event: 38.508 Thread 0x00007fa839111000 Exception <a 'java/security/PrivilegedActionException'> (0x0000000796de6c68) thrown at [/HUDSON3/workspace/8-2-build-macosx-x86_64/jdk8u25/1514/hotspot/src/share/vm/prims/jvm.cpp, line 1312]
Event: 38.508 Thread 0x00007fa839111000 Exception <a 'java/security/PrivilegedActionException'> (0x0000000796df9848) thrown at [/HUDSON3/workspace/8-2-build-macosx-x86_64/jdk8u25/1514/hotspot/src/share/vm/prims/jvm.cpp, line 1312]
Event: 38.508 Thread 0x00007fa839111000 Exception <a 'java/security/PrivilegedActionException'> (0x0000000796e0bac8) thrown at [/HUDSON3/workspace/8-2-build-macosx-x86_64/jdk8u25/1514/hotspot/src/share/vm/prims/jvm.cpp, line 1312]
Event: 38.572 Thread 0x00007fa839c33800 Exception <a 'java/security/PrivilegedActionException'> (0x0000000796ef2738) thrown at [/HUDSON3/workspace/8-2-build-macosx-x86_64/jdk8u25/1514/hotspot/src/share/vm/prims/jvm.cpp, line 1312]
Event: 38.577 Thread 0x00007fa839111000 Exception <a 'java/security/PrivilegedActionException'> (0x0000000796ea8300) thrown at [/HUDSON3/workspace/8-2-build-macosx-x86_64/jdk8u25/1514/hotspot/src/share/vm/prims/jvm.cpp, line 1312]

Events (10 events):
Event: 49.736 Thread 0x00007fa839037800 flushing nmethod 0x000000010d072a50
Event: 49.736 Thread 0x00007fa839037800 flushing nmethod 0x000000010d076410
Event: 49.736 Thread 0x00007fa839037800 flushing nmethod 0x000000010d07b210
Event: 49.736 Thread 0x00007fa839037800 flushing nmethod 0x000000010d092910
Event: 49.736 Thread 0x00007fa839037800 flushing nmethod 0x000000010d0ab310
Event: 49.736 Thread 0x00007fa839037800 flushing nmethod 0x000000010d0b3650
Event: 49.769 Thread 0x00007fa839037800 flushing nmethod 0x000000010d140d90
Event: 49.769 Thread 0x00007fa839037800 flushing nmethod 0x000000010d156350
Event: 49.769 Thread 0x00007fa839037800 flushing nmethod 0x000000010d1cd450
Event: 49.769 Thread 0x00007fa839037800 flushing nmethod 0x000000010d1cf990


Dynamic libraries:
0x000000010b2f2000 	/usr/lib/libimckit.dylib
0x0000000008fc8000 	/System/Library/Frameworks/Cocoa.framework/Versions/A/Cocoa
0x0000000008fc8000 	/System/Library/Frameworks/Security.framework/Versions/A/Security
0x0000000008fc8000 	/System/Library/Frameworks/ApplicationServices.framework/Versions/A/ApplicationServices
0x0000000008fc8000 	/usr/lib/libz.1.dylib
0x0000000008fc8000 	/usr/lib/libSystem.B.dylib
0x0000000008fc8000 	/usr/lib/libobjc.A.dylib
0x0000000008fc8000 	/System/Library/Frameworks/CoreFoundation.framework/Versions/A/CoreFoundation
0x0000000008fc8000 	/System/Library/Frameworks/Foundation.framework/Versions/C/Foundation
0x0000000008fc8000 	/System/Library/Frameworks/AppKit.framework/Versions/C/AppKit
0x0000000008fc8000 	/System/Library/Frameworks/CoreData.framework/Versions/A/CoreData
0x0000000008fc8000 	/System/Library/PrivateFrameworks/RemoteViewServices.framework/Versions/A/RemoteViewServices
0x0000000008fc8000 	/System/Library/Frameworks/AudioToolbox.framework/Versions/A/AudioToolbox
0x0000000008fc8000 	/System/Library/Frameworks/AudioUnit.framework/Versions/A/AudioUnit
0x0000000008fc8000 	/System/Library/PrivateFrameworks/DataDetectorsCore.framework/Versions/A/DataDetectorsCore
0x0000000008fc8000 	/System/Library/PrivateFrameworks/DesktopServicesPriv.framework/Versions/A/DesktopServicesPriv
0x0000000008fc8000 	/System/Library/Frameworks/Carbon.framework/Versions/A/Frameworks/HIToolbox.framework/Versions/A/HIToolbox
0x0000000008fc8000 	/System/Library/Frameworks/QuartzCore.framework/Versions/A/QuartzCore
0x0000000008fc8000 	/System/Library/Frameworks/Carbon.framework/Versions/A/Frameworks/SpeechRecognition.framework/Versions/A/SpeechRecognition
0x0000000008fc8000 	/usr/lib/libauto.dylib
0x0000000008fc8000 	/usr/lib/libicucore.A.dylib
0x0000000008fc8000 	/usr/lib/libxml2.2.dylib
0x0000000008fc8000 	/System/Library/PrivateFrameworks/CoreUI.framework/Versions/A/CoreUI
0x0000000008fc8000 	/System/Library/Frameworks/CoreAudio.framework/Versions/A/CoreAudio
0x0000000008fc8000 	/System/Library/Frameworks/DiskArbitration.framework/Versions/A/DiskArbitration
0x0000000008fc8000 	/usr/lib/liblangid.dylib
0x0000000008fc8000 	/System/Library/PrivateFrameworks/MultitouchSupport.framework/Versions/A/MultitouchSupport
0x0000000008fc8000 	/System/Library/Frameworks/IOKit.framework/Versions/A/IOKit
0x0000000008fc8000 	/usr/lib/libDiagnosticMessagesClient.dylib
0x0000000008fc8000 	/System/Library/Frameworks/CoreServices.framework/Versions/A/CoreServices
0x0000000008fc8000 	/System/Library/PrivateFrameworks/PerformanceAnalysis.framework/Versions/A/PerformanceAnalysis
0x0000000008fc8000 	/System/Library/PrivateFrameworks/GenerationalStorage.framework/Versions/A/GenerationalStorage
0x0000000008fc8000 	/System/Library/Frameworks/OpenGL.framework/Versions/A/OpenGL
0x0000000008fc8000 	/System/Library/PrivateFrameworks/Sharing.framework/Versions/A/Sharing
0x0000000008fc8000 	/System/Library/Frameworks/ImageIO.framework/Versions/A/ImageIO
0x0000000008fc8000 	/System/Library/Frameworks/CoreText.framework/Versions/A/CoreText
0x0000000008fc8000 	/System/Library/Frameworks/CoreGraphics.framework/Versions/A/CoreGraphics
0x0000000008fc8000 	/System/Library/PrivateFrameworks/Backup.framework/Versions/A/Backup
0x0000000008fc8000 	/System/Library/Frameworks/CFNetwork.framework/Versions/A/CFNetwork
0x0000000008fc8000 	/System/Library/Frameworks/SystemConfiguration.framework/Versions/A/SystemConfiguration
0x0000000008fc8000 	/usr/lib/libCRFSuite.dylib
0x0000000008fc8000 	/usr/lib/libc++.1.dylib
0x0000000008fc8000 	/usr/lib/libc++abi.dylib
0x0000000008fc8000 	/usr/lib/system/libcache.dylib
0x0000000008fc8000 	/usr/lib/system/libcommonCrypto.dylib
0x0000000008fc8000 	/usr/lib/system/libcompiler_rt.dylib
0x0000000008fc8000 	/usr/lib/system/libcopyfile.dylib
0x0000000008fc8000 	/usr/lib/system/libcorecrypto.dylib
0x0000000008fc8000 	/usr/lib/system/libdispatch.dylib
0x0000000008fc8000 	/usr/lib/system/libdyld.dylib
0x0000000008fc8000 	/usr/lib/system/libkeymgr.dylib
0x0000000008fc8000 	/usr/lib/system/liblaunch.dylib
0x0000000008fc8000 	/usr/lib/system/libmacho.dylib
0x0000000008fc8000 	/usr/lib/system/libquarantine.dylib
0x0000000008fc8000 	/usr/lib/system/libremovefile.dylib
0x0000000008fc8000 	/usr/lib/system/libsystem_asl.dylib
0x0000000008fc8000 	/usr/lib/system/libsystem_blocks.dylib
0x0000000008fc8000 	/usr/lib/system/libsystem_c.dylib
0x0000000008fc8000 	/usr/lib/system/libsystem_configuration.dylib
0x0000000008fc8000 	/usr/lib/system/libsystem_dnssd.dylib
0x0000000008fc8000 	/usr/lib/system/libsystem_info.dylib
0x0000000008fc8000 	/usr/lib/system/libsystem_kernel.dylib
0x0000000008fc8000 	/usr/lib/system/libsystem_m.dylib
0x0000000008fc8000 	/usr/lib/system/libsystem_malloc.dylib
0x0000000008fc8000 	/usr/lib/system/libsystem_network.dylib
0x0000000008fc8000 	/usr/lib/system/libsystem_notify.dylib
0x0000000008fc8000 	/usr/lib/system/libsystem_platform.dylib
0x0000000008fc8000 	/usr/lib/system/libsystem_pthread.dylib
0x0000000008fc8000 	/usr/lib/system/libsystem_sandbox.dylib
0x0000000008fc8000 	/usr/lib/system/libsystem_stats.dylib
0x0000000008fc8000 	/usr/lib/system/libunc.dylib
0x0000000008fc8000 	/usr/lib/system/libunwind.dylib
0x0000000008fc8000 	/usr/lib/system/libxpc.dylib
0x0000000008fc8000 	/usr/lib/libbsm.0.dylib
0x0000000008fc8000 	/usr/lib/libsqlite3.dylib
0x0000000008fc8000 	/usr/lib/libxar.1.dylib
0x0000000008fc8000 	/usr/lib/libpam.2.dylib
0x0000000008fc8000 	/usr/lib/libOpenScriptingUtil.dylib
0x0000000008fc8000 	/usr/lib/libbz2.1.0.dylib
0x0000000008fc8000 	/System/Library/Frameworks/CoreServices.framework/Versions/A/Frameworks/CarbonCore.framework/Versions/A/CarbonCore
0x0000000008fc8000 	/System/Library/Frameworks/CoreServices.framework/Versions/A/Frameworks/Metadata.framework/Versions/A/Metadata
0x0000000008fc8000 	/System/Library/Frameworks/CoreServices.framework/Versions/A/Frameworks/OSServices.framework/Versions/A/OSServices
0x0000000008fc8000 	/System/Library/Frameworks/CoreServices.framework/Versions/A/Frameworks/SearchKit.framework/Versions/A/SearchKit
0x0000000008fc8000 	/System/Library/Frameworks/CoreServices.framework/Versions/A/Frameworks/AE.framework/Versions/A/AE
0x0000000008fc8000 	/System/Library/Frameworks/CoreServices.framework/Versions/A/Frameworks/LaunchServices.framework/Versions/A/LaunchServices
0x0000000008fc8000 	/System/Library/Frameworks/CoreServices.framework/Versions/A/Frameworks/DictionaryServices.framework/Versions/A/DictionaryServices
0x0000000008fc8000 	/System/Library/Frameworks/NetFS.framework/Versions/A/NetFS
0x0000000008fc8000 	/usr/lib/system/libkxld.dylib
0x0000000008fc8000 	/System/Library/PrivateFrameworks/NetAuth.framework/Versions/A/NetAuth
0x0000000008fc8000 	/System/Library/PrivateFrameworks/TCC.framework/Versions/A/TCC
0x0000000008fc8000 	/System/Library/Frameworks/OpenDirectory.framework/Versions/A/Frameworks/CFOpenDirectory.framework/Versions/A/CFOpenDirectory
0x0000000008fc8000 	/System/Library/Frameworks/ServiceManagement.framework/Versions/A/ServiceManagement
0x0000000008fc8000 	/usr/lib/libxslt.1.dylib
0x0000000008fc8000 	/System/Library/Frameworks/Carbon.framework/Versions/A/Frameworks/Ink.framework/Versions/A/Ink
0x0000000008fc8000 	/System/Library/Frameworks/ApplicationServices.framework/Versions/A/Frameworks/ATS.framework/Versions/A/ATS
0x0000000008fc8000 	/System/Library/Frameworks/ApplicationServices.framework/Versions/A/Frameworks/ColorSync.framework/Versions/A/ColorSync
0x0000000008fc8000 	/System/Library/Frameworks/ApplicationServices.framework/Versions/A/Frameworks/HIServices.framework/Versions/A/HIServices
0x0000000008fc8000 	/System/Library/Frameworks/ApplicationServices.framework/Versions/A/Frameworks/LangAnalysis.framework/Versions/A/LangAnalysis
0x0000000008fc8000 	/System/Library/Frameworks/ApplicationServices.framework/Versions/A/Frameworks/PrintCore.framework/Versions/A/PrintCore
0x0000000008fc8000 	/System/Library/Frameworks/ApplicationServices.framework/Versions/A/Frameworks/QD.framework/Versions/A/QD
0x0000000008fc8000 	/System/Library/Frameworks/ApplicationServices.framework/Versions/A/Frameworks/SpeechSynthesis.framework/Versions/A/SpeechSynthesis
0x0000000008fc8000 	/System/Library/Frameworks/IOSurface.framework/Versions/A/IOSurface
0x0000000008fc8000 	/System/Library/Frameworks/Accelerate.framework/Versions/A/Accelerate
0x0000000008fc8000 	/System/Library/Frameworks/Accelerate.framework/Versions/A/Frameworks/vImage.framework/Versions/A/vImage
0x0000000008fc8000 	/System/Library/Frameworks/Accelerate.framework/Versions/A/Frameworks/vecLib.framework/Versions/A/vecLib
0x0000000008fc8000 	/System/Library/Frameworks/Accelerate.framework/Versions/A/Frameworks/vecLib.framework/Versions/A/libvDSP.dylib
0x0000000008fc8000 	/System/Library/Frameworks/Accelerate.framework/Versions/A/Frameworks/vecLib.framework/Versions/A/libvMisc.dylib
0x0000000008fc8000 	/System/Library/Frameworks/Accelerate.framework/Versions/A/Frameworks/vecLib.framework/Versions/A/libLAPACK.dylib
0x0000000008fc8000 	/System/Library/Frameworks/Accelerate.framework/Versions/A/Frameworks/vecLib.framework/Versions/A/libBLAS.dylib
0x0000000008fc8000 	/System/Library/Frameworks/ApplicationServices.framework/Versions/A/Frameworks/ATS.framework/Versions/A/Resources/libFontParser.dylib
0x0000000008fc8000 	/System/Library/Frameworks/ApplicationServices.framework/Versions/A/Frameworks/ATS.framework/Versions/A/Resources/libFontRegistry.dylib
0x0000000008fc8000 	/System/Library/Frameworks/ImageIO.framework/Versions/A/Resources/libJPEG.dylib
0x0000000008fc8000 	/System/Library/Frameworks/ImageIO.framework/Versions/A/Resources/libTIFF.dylib
0x0000000008fc8000 	/System/Library/Frameworks/ImageIO.framework/Versions/A/Resources/libPng.dylib
0x0000000008fc8000 	/System/Library/Frameworks/ImageIO.framework/Versions/A/Resources/libGIF.dylib
0x0000000008fc8000 	/System/Library/Frameworks/ImageIO.framework/Versions/A/Resources/libJP2.dylib
0x0000000008fc8000 	/System/Library/Frameworks/ImageIO.framework/Versions/A/Resources/libRadiance.dylib
0x0000000008fc8000 	/usr/lib/libcups.2.dylib
0x0000000008fc8000 	/System/Library/Frameworks/Kerberos.framework/Versions/A/Kerberos
0x0000000008fc8000 	/System/Library/Frameworks/GSS.framework/Versions/A/GSS
0x0000000008fc8000 	/usr/lib/libresolv.9.dylib
0x0000000008fc8000 	/usr/lib/libiconv.2.dylib
0x0000000008fc8000 	/System/Library/PrivateFrameworks/Heimdal.framework/Versions/A/Heimdal
0x0000000008fc8000 	/System/Library/PrivateFrameworks/TrustEvaluationAgent.framework/Versions/A/TrustEvaluationAgent
0x0000000008fc8000 	/usr/lib/libheimdal-asn1.dylib
0x0000000008fc8000 	/System/Library/Frameworks/OpenDirectory.framework/Versions/A/OpenDirectory
0x0000000008fc8000 	/System/Library/PrivateFrameworks/CommonAuth.framework/Versions/A/CommonAuth
0x0000000008fc8000 	/System/Library/Frameworks/SecurityFoundation.framework/Versions/A/SecurityFoundation
0x0000000008fc8000 	/System/Library/PrivateFrameworks/Bom.framework/Versions/A/Bom
0x0000000008fc8000 	/System/Library/Frameworks/CoreVideo.framework/Versions/A/CoreVideo
0x0000000008fc8000 	/System/Library/Frameworks/QuartzCore.framework/Versions/A/Frameworks/CoreImage.framework/Versions/A/CoreImage
0x0000000008fc8000 	/System/Library/Frameworks/QuartzCore.framework/Versions/A/Frameworks/ScalableUserInterface.framework/Versions/A/ScalableUserInterface
0x0000000008fc8000 	/System/Library/Frameworks/OpenGL.framework/Versions/A/Libraries/libGLU.dylib
0x0000000008fc8000 	/System/Library/Frameworks/OpenGL.framework/Versions/A/Libraries/libGFXShared.dylib
0x0000000008fc8000 	/System/Library/Frameworks/OpenGL.framework/Versions/A/Libraries/libGL.dylib
0x0000000008fc8000 	/System/Library/Frameworks/OpenGL.framework/Versions/A/Libraries/libGLImage.dylib
0x0000000008fc8000 	/System/Library/Frameworks/OpenGL.framework/Versions/A/Libraries/libCVMSPluginSupport.dylib
0x0000000008fc8000 	/System/Library/Frameworks/OpenGL.framework/Versions/A/Libraries/libCoreVMClient.dylib
0x0000000008fc8000 	/System/Library/PrivateFrameworks/FaceCore.framework/Versions/A/FaceCore
0x0000000008fc8000 	/System/Library/PrivateFrameworks/CrashReporterSupport.framework/Versions/A/CrashReporterSupport
0x0000000008fc8000 	/System/Library/Frameworks/OpenCL.framework/Versions/A/OpenCL
0x0000000008fc8000 	/System/Library/PrivateFrameworks/AppleFSCompression.framework/Versions/A/AppleFSCompression
0x0000000008fc8000 	/System/Library/PrivateFrameworks/Ubiquity.framework/Versions/A/Ubiquity
0x0000000008fc8000 	/System/Library/PrivateFrameworks/IconServices.framework/Versions/A/IconServices
0x0000000008fc8000 	/System/Library/PrivateFrameworks/ChunkingLibrary.framework/Versions/A/ChunkingLibrary
0x0000000008fc8000 	/System/Library/PrivateFrameworks/CoreSymbolication.framework/Versions/A/CoreSymbolication
0x0000000008fc8000 	/System/Library/PrivateFrameworks/Symbolication.framework/Versions/A/Symbolication
0x0000000008fc8000 	/System/Library/PrivateFrameworks/DebugSymbols.framework/Versions/A/DebugSymbols
0x0000000008fc8000 	/usr/lib/libstdc++.6.dylib
0x000000010bc00000 	/Library/Java/JavaVirtualMachines/jdk1.8.0_25.jdk/Contents/Home/jre/lib/server/libjvm.dylib
0x000000010b3ec000 	/Library/Java/JavaVirtualMachines/jdk1.8.0_25.jdk/Contents/Home/jre/lib/libverify.dylib
0x000000010cc1f000 	/Library/Java/JavaVirtualMachines/jdk1.8.0_25.jdk/Contents/Home/jre/lib/libjava.dylib
0x000000010cc5b000 	/Library/Java/JavaVirtualMachines/jdk1.8.0_25.jdk/Contents/Home/jre/lib/libzip.dylib
0x0000000122cd8000 	/System/Library/Frameworks/JavaVM.framework/Frameworks/JavaRuntimeSupport.framework/JavaRuntimeSupport
0x0000000122cf0000 	/System/Library/Frameworks/JavaVM.framework/Versions/A/Frameworks/JavaNativeFoundation.framework/Versions/A/JavaNativeFoundation
0x0000000122d05000 	/System/Library/Frameworks/JavaVM.framework/Versions/A/JavaVM
0x0000000008fc8000 	/System/Library/Frameworks/Carbon.framework/Versions/A/Carbon
0x0000000122d12000 	/System/Library/PrivateFrameworks/JavaLaunching.framework/Versions/A/JavaLaunching
0x0000000008fc8000 	/System/Library/Frameworks/Carbon.framework/Versions/A/Frameworks/CommonPanels.framework/Versions/A/CommonPanels
0x0000000008fc8000 	/System/Library/Frameworks/Carbon.framework/Versions/A/Frameworks/Help.framework/Versions/A/Help
0x0000000008fc8000 	/System/Library/Frameworks/Carbon.framework/Versions/A/Frameworks/ImageCapture.framework/Versions/A/ImageCapture
0x0000000008fc8000 	/System/Library/Frameworks/Carbon.framework/Versions/A/Frameworks/OpenScripting.framework/Versions/A/OpenScripting
0x0000000008fc8000 	/System/Library/Frameworks/Carbon.framework/Versions/A/Frameworks/Print.framework/Versions/A/Print
0x0000000008fc8000 	/System/Library/Frameworks/Carbon.framework/Versions/A/Frameworks/SecurityHI.framework/Versions/A/SecurityHI
0x000000012360f000 	/Library/Java/JavaVirtualMachines/jdk1.8.0_25.jdk/Contents/Home/jre/lib/libprism_es2.dylib
0x0000000008fc8000 	/System/Library/Frameworks/OpenGL.framework/Versions/A/Resources/GLEngine.bundle/GLEngine
0x0000000008fc8000 	/System/Library/Frameworks/OpenGL.framework/Versions/A/Libraries/libGLProgrammability.dylib
0x0000000000000000 	/System/Library/Extensions/AppleIntelHD4000GraphicsGLDriver.bundle/Contents/MacOS/AppleIntelHD4000GraphicsGLDriver
0x0000000008fc8000 	/System/Library/PrivateFrameworks/IOAccelerator.framework/Versions/A/IOAccelerator
0x0000000008fc8000 	/System/Library/PrivateFrameworks/GPUSupport.framework/Versions/A/Libraries/libGPUSupportMercury.dylib
0x0000000008fc8000 	/System/Library/Frameworks/OpenGL.framework/Versions/A/Resources/GLRendererFloat.bundle/GLRendererFloat
0x0000000008fc8000 	/System/Library/Frameworks/OpenCL.framework/Versions/A/Libraries/libcldcpuengine.dylib
0x0000000008fc8000 	/System/Library/PrivateFrameworks/DiskImages.framework/Versions/A/DiskImages
0x0000000008fc8000 	/System/Library/Frameworks/DiscRecording.framework/Versions/A/DiscRecording
0x0000000008fc8000 	/usr/lib/libcsfde.dylib
0x0000000008fc8000 	/usr/lib/libcurl.4.dylib
0x0000000008fc8000 	/System/Library/PrivateFrameworks/MediaKit.framework/Versions/A/MediaKit
0x0000000008fc8000 	/usr/lib/libCoreStorage.dylib
0x0000000008fc8000 	/System/Library/PrivateFrameworks/EFILogin.framework/Versions/A/EFILogin
0x0000000008fc8000 	/usr/lib/libutil.dylib
0x0000000008fc8000 	/System/Library/PrivateFrameworks/AOSNotification.framework/Versions/A/AOSNotification
0x0000000008fc8000 	/System/Library/Frameworks/LDAP.framework/Versions/A/LDAP
0x0000000008fc8000 	/usr/lib/libsasl2.2.dylib
0x0000000008fc8000 	/usr/lib/libcrypto.0.9.8.dylib
0x0000000008fc8000 	/usr/lib/libssl.0.9.8.dylib
0x0000000123f0c000 	/Library/Java/JavaVirtualMachines/jdk1.8.0_25.jdk/Contents/Home/jre/lib/libglass.dylib
0x0000000008fc8000 	/System/Library/PrivateFrameworks/CoreServicesInternal.framework/Versions/A/CoreServicesInternal
0x0000000008fc8000 	/System/Library/PrivateFrameworks/Librarian.framework/Versions/A/Librarian
0x0000000008fc8000 	/System/Library/CoreServices/RawCamera.bundle/Contents/MacOS/RawCamera
0x0000000008fc8000 	/System/Library/Frameworks/CoreGraphics.framework/Versions/A/Resources/libCGCMS.A.dylib
0x0000000008fc8000 	/System/Library/Frameworks/CoreGraphics.framework/Versions/A/Resources/libRIP.A.dylib
0x0000000008fc8000 	/System/Library/PrivateFrameworks/FamilyControls.framework/Versions/A/FamilyControls
0x0000000008fc8000 	/System/Library/PrivateFrameworks/CommerceKit.framework/Versions/A/Frameworks/CommerceCore.framework/Versions/A/CommerceCore
0x0000000008fc8000 	/System/Library/PrivateFrameworks/SystemAdministration.framework/Versions/A/SystemAdministration
0x0000000008fc8000 	/System/Library/Frameworks/DirectoryService.framework/Versions/A/DirectoryService
0x0000000008fc8000 	/System/Library/PrivateFrameworks/LoginUIKit.framework/Versions/A/Frameworks/LoginUICore.framework/Versions/A/LoginUICore
0x0000000008fc8000 	/usr/lib/libodfde.dylib
0x0000000127ef6000 	/Library/Java/JavaVirtualMachines/jdk1.8.0_25.jdk/Contents/Home/jre/lib/libjavafx_font.dylib
0x0000000008fc8000 	/System/Library/Frameworks/CoreGraphics.framework/Versions/A/Resources/libCGXType.A.dylib
0x000000012840b000 	/Library/Java/JavaVirtualMachines/jdk1.8.0_25.jdk/Contents/Home/jre/lib/libnet.dylib
0x000000012a345000 	cl_kernels
0x000000012a348000 	/System/Library/Frameworks/OpenCL.framework/Versions/A/Libraries/ImageFormats/unorm8_bgra.dylib
0x000000012a336000 	cl_kernels
0x000000012a5a0000 	/Library/Java/JavaVirtualMachines/jdk1.8.0_25.jdk/Contents/Home/jre/lib/libprism_common.dylib
0x0000000122dca000 	/Library/Java/JavaVirtualMachines/jdk1.8.0_25.jdk/Contents/Home/jre/lib/libsunec.dylib
0x0000000122df2000 	/Library/Java/JavaVirtualMachines/jdk1.8.0_25.jdk/Contents/Home/jre/lib/libnio.dylib
0x000000012bc72000 	/Library/Java/JavaVirtualMachines/jdk1.8.0_25.jdk/Contents/Home/jre/lib/libjavafx_iio.dylib

VM Arguments:
jvm_args: -Dfile.encoding=UTF-8 
java_command: MainApp
java_class_path (initial): /Users/feng/Documents/workspace2/OCJavafx/bin:/Users/feng/Downloads/eclipse/plugins/org.eclipse.fx.ide.css.jfx8_1.0.0.201408150702.jar:/Users/feng/Documents/workspace2/OCJavafx/lib/Unirest/commons-logging-1.1.1.jar:/Users/feng/Documents/workspace2/OCJavafx/lib/Unirest/httpasyncclient-4.0.1.jar:/Users/feng/Documents/workspace2/OCJavafx/lib/Unirest/httpclient-4.3.4.jar:/Users/feng/Documents/workspace2/OCJavafx/lib/Unirest/httpcore-4.3.2.jar:/Users/feng/Documents/workspace2/OCJavafx/lib/Unirest/httpcore-nio-4.3.2.jar:/Users/feng/Documents/workspace2/OCJavafx/lib/Unirest/httpmime-4.3.4.jar:/Users/feng/Documents/workspace2/OCJavafx/lib/Unirest/json-20140107.jar:/Users/feng/Documents/workspace2/OCJavafx/lib/Unirest/unirest-java-1.3.24.jar:/Users/feng/Documents/workspace2/OCJavafx/lib/controlsfx-8.20.8.jar:/Users/feng/Documents/workspace2/OCJavafx/lib/openjfx-dialogs-1.0.2.jar
Launcher Type: SUN_STANDARD

Environment Variables:
PATH=/usr/bin:/bin:/usr/sbin:/sbin
SHELL=/bin/bash
DISPLAY=/tmp/launch-xKm84O/org.macosforge.xquartz:0
DYLD_INSERT_LIBRARIES=/usr/lib/libimckit.dylib

Signal Handlers:
SIGSEGV: [libjvm.dylib+0x579dc7], sa_mask[0]=11111111011111110111111111111111, sa_flags=SA_ONSTACK|SA_RESTART|SA_SIGINFO
SIGBUS: [libjvm.dylib+0x579dc7], sa_mask[0]=11111111011111110111111111111111, sa_flags=SA_RESTART|SA_SIGINFO
SIGFPE: [libjvm.dylib+0x45b030], sa_mask[0]=11111111011111110111111111111111, sa_flags=SA_RESTART|SA_SIGINFO
SIGPIPE: [libjvm.dylib+0x45b030], sa_mask[0]=11111111011111110111111111111111, sa_flags=SA_RESTART|SA_SIGINFO
SIGXFSZ: [libjvm.dylib+0x45b030], sa_mask[0]=11111111011111110111111111111111, sa_flags=SA_RESTART|SA_SIGINFO
SIGILL: [libjvm.dylib+0x45b030], sa_mask[0]=11111111011111110111111111111111, sa_flags=SA_RESTART|SA_SIGINFO
SIGUSR1: SIG_DFL, sa_mask[0]=00000000000000000000000000000000, sa_flags=SA_RESTART
SIGUSR2: [libjvm.dylib+0x45ab4e], sa_mask[0]=00100000000000000000000000000000, sa_flags=SA_RESTART|SA_SIGINFO
SIGHUP: [libjvm.dylib+0x459121], sa_mask[0]=11111111011111110111111111111111, sa_flags=SA_RESTART|SA_SIGINFO
SIGINT: [libjvm.dylib+0x459121], sa_mask[0]=11111111011111110111111111111111, sa_flags=SA_RESTART|SA_SIGINFO
SIGTERM: [libjvm.dylib+0x459121], sa_mask[0]=11111111011111110111111111111111, sa_flags=SA_RESTART|SA_SIGINFO
SIGQUIT: [libjvm.dylib+0x459121], sa_mask[0]=11111111011111110111111111111111, sa_flags=SA_RESTART|SA_SIGINFO


---------------  S Y S T E M  ---------------

OS:Bsduname:Darwin 13.4.0 Darwin Kernel Version 13.4.0: Sun Aug 17 19:50:11 PDT 2014; root:xnu-2422.115.4~1/RELEASE_X86_64 x86_64
rlimit: STACK 8192k, CORE 0k, NPROC 709, NOFILE 10240, AS infinity
load average:2.03 1.92 1.82

CPU:total 4 (2 cores per cpu, 2 threads per core) family 6 model 58 stepping 9, cmov, cx8, fxsr, mmx, sse, sse2, sse3, ssse3, sse4.1, sse4.2, popcnt, avx, aes, clmul, erms, ht, tsc, tscinvbit, tscinv

Memory: 4k page, physical 8388608k(144216k free)

/proc/meminfo:


vm_info: Java HotSpot(TM) 64-Bit Server VM (25.25-b02) for bsd-amd64 JRE (1.8.0_25-b17), built on Sep 17 2014 16:56:50 by "java_re" with gcc 4.2.1 (Based on Apple Inc. build 5658) (LLVM build 2336.11.00)

time: Mon Nov 24 23:05:06 2014
elapsed time: 50 seconds (0d 0h 0m 50s)

